2019-02-19 01:29:40.470 DEBUG 15356 --- [http-nio-8099-exec-9] c.i.m.gtm.mybatis.UserMybatis.findAll    : ==>  Preparing: select * from user 
2019-02-19 01:29:40.555 DEBUG 15356 --- [http-nio-8099-exec-9] c.i.m.gtm.mybatis.UserMybatis.findAll    : ==> Parameters: 
2019-02-19 01:29:40.596 TRACE 15356 --- [http-nio-8099-exec-9] c.i.m.gtm.mybatis.UserMybatis.findAll    : <==    Columns: pk, username, email
2019-02-19 01:29:40.597 TRACE 15356 --- [http-nio-8099-exec-9] c.i.m.gtm.mybatis.UserMybatis.findAll    : <==        Row: 1, Youtube, imgautam@gmail.com
2019-02-19 01:29:40.600 TRACE 15356 --- [http-nio-8099-exec-9] c.i.m.gtm.mybatis.UserMybatis.findAll    : <==        Row: 2, Youtube, imgautam@gmail.com
2019-02-19 01:29:40.617 TRACE 15356 --- [http-nio-8099-exec-9] c.i.m.gtm.mybatis.UserMybatis.findAll    : <==        Row: 3, Youtube, imgautam@gmail.com
2019-02-19 01:29:40.617 TRACE 15356 --- [http-nio-8099-exec-9] c.i.m.gtm.mybatis.UserMybatis.findAll    : <==        Row: 4, Youtube, imgautam@gmail.com
2019-02-19 01:29:40.617 TRACE 15356 --- [http-nio-8099-exec-9] c.i.m.gtm.mybatis.UserMybatis.findAll    : <==        Row: 5, Youtube, imgautam@gmail.com
2019-02-19 01:29:40.617 TRACE 15356 --- [http-nio-8099-exec-9] c.i.m.gtm.mybatis.UserMybatis.findAll    : <==        Row: 6, Youtube, imgautam@gmail.com
2019-02-19 01:29:40.619 TRACE 15356 --- [http-nio-8099-exec-9] c.i.m.gtm.mybatis.UserMybatis.findAll    : <==        Row: 13, Youtube, imgautam@gmail.com
2019-02-19 01:29:40.620 TRACE 15356 --- [http-nio-8099-exec-9] c.i.m.gtm.mybatis.UserMybatis.findAll    : <==        Row: 14, Youtube, imgautam@gmail.com
2019-02-19 01:29:40.620 TRACE 15356 --- [http-nio-8099-exec-9] c.i.m.gtm.mybatis.UserMybatis.findAll    : <==        Row: 15, Youtube, imgautam@gmail.com
2019-02-19 01:29:40.620 TRACE 15356 --- [http-nio-8099-exec-9] c.i.m.gtm.mybatis.UserMybatis.findAll    : <==        Row: 16, Youtube, imgautam@gmail.com
2019-02-19 01:29:40.621 TRACE 15356 --- [http-nio-8099-exec-9] c.i.m.gtm.mybatis.UserMybatis.findAll    : <==        Row: 17, Youtube, imgautam@gmail.com
2019-02-19 01:29:40.621 TRACE 15356 --- [http-nio-8099-exec-9] c.i.m.gtm.mybatis.UserMybatis.findAll    : <==        Row: 18, Youtube, imgautam@gmail.com
2019-02-19 01:29:40.621 TRACE 15356 --- [http-nio-8099-exec-9] c.i.m.gtm.mybatis.UserMybatis.findAll    : <==        Row: 19, Youtube, imgautam@gmail.com
2019-02-19 01:29:40.621 TRACE 15356 --- [http-nio-8099-exec-9] c.i.m.gtm.mybatis.UserMybatis.findAll    : <==        Row: 20, Youtube, imgautam@gmail.com
2019-02-19 01:29:40.624 TRACE 15356 --- [http-nio-8099-exec-9] c.i.m.gtm.mybatis.UserMybatis.findAll    : <==        Row: 21, Youtube, imgautam@gmail.com
2019-02-19 01:29:40.625 TRACE 15356 --- [http-nio-8099-exec-9] c.i.m.gtm.mybatis.UserMybatis.findAll    : <==        Row: 22, Youtube, imgautam@gmail.com
2019-02-19 01:29:40.626 DEBUG 15356 --- [http-nio-8099-exec-9] c.i.m.gtm.mybatis.UserMybatis.findAll    : <==      Total: 16
2019-02-19 02:30:02.867 DEBUG 15356 --- [http-nio-8099-exec-7] c.i.m.gtm.mybatis.UserMybatis.findAll    : ==>  Preparing: select * from user 
2019-02-19 02:30:02.871 DEBUG 15356 --- [http-nio-8099-exec-7] c.i.m.gtm.mybatis.UserMybatis.findAll    : ==> Parameters: 
2019-02-19 02:30:03.006 TRACE 15356 --- [http-nio-8099-exec-7] c.i.m.gtm.mybatis.UserMybatis.findAll    : <==    Columns: pk, username, email
2019-02-19 02:30:03.006 TRACE 15356 --- [http-nio-8099-exec-7] c.i.m.gtm.mybatis.UserMybatis.findAll    : <==        Row: 1, Youtube, imgautam@gmail.com
2019-02-19 02:30:03.007 TRACE 15356 --- [http-nio-8099-exec-7] c.i.m.gtm.mybatis.UserMybatis.findAll    : <==        Row: 2, Youtube, imgautam@gmail.com
2019-02-19 02:30:03.009 TRACE 15356 --- [http-nio-8099-exec-7] c.i.m.gtm.mybatis.UserMybatis.findAll    : <==        Row: 3, Youtube, imgautam@gmail.com
2019-02-19 02:30:03.009 TRACE 15356 --- [http-nio-8099-exec-7] c.i.m.gtm.mybatis.UserMybatis.findAll    : <==        Row: 4, Youtube, imgautam@gmail.com
2019-02-19 02:30:03.009 TRACE 15356 --- [http-nio-8099-exec-7] c.i.m.gtm.mybatis.UserMybatis.findAll    : <==        Row: 5, Youtube, imgautam@gmail.com
2019-02-19 02:30:03.009 TRACE 15356 --- [http-nio-8099-exec-7] c.i.m.gtm.mybatis.UserMybatis.findAll    : <==        Row: 6, Youtube, imgautam@gmail.com
2019-02-19 02:30:03.009 TRACE 15356 --- [http-nio-8099-exec-7] c.i.m.gtm.mybatis.UserMybatis.findAll    : <==        Row: 13, Youtube, imgautam@gmail.com
2019-02-19 02:30:03.009 TRACE 15356 --- [http-nio-8099-exec-7] c.i.m.gtm.mybatis.UserMybatis.findAll    : <==        Row: 14, Youtube, imgautam@gmail.com
2019-02-19 02:30:03.010 TRACE 15356 --- [http-nio-8099-exec-7] c.i.m.gtm.mybatis.UserMybatis.findAll    : <==        Row: 15, Youtube, imgautam@gmail.com
2019-02-19 02:30:03.010 TRACE 15356 --- [http-nio-8099-exec-7] c.i.m.gtm.mybatis.UserMybatis.findAll    : <==        Row: 16, Youtube, imgautam@gmail.com
2019-02-19 02:30:03.011 TRACE 15356 --- [http-nio-8099-exec-7] c.i.m.gtm.mybatis.UserMybatis.findAll    : <==        Row: 17, Youtube, imgautam@gmail.com
2019-02-19 02:30:03.011 TRACE 15356 --- [http-nio-8099-exec-7] c.i.m.gtm.mybatis.UserMybatis.findAll    : <==        Row: 18, Youtube, imgautam@gmail.com
2019-02-19 02:30:03.011 TRACE 15356 --- [http-nio-8099-exec-7] c.i.m.gtm.mybatis.UserMybatis.findAll    : <==        Row: 19, Youtube, imgautam@gmail.com
2019-02-19 02:30:03.011 TRACE 15356 --- [http-nio-8099-exec-7] c.i.m.gtm.mybatis.UserMybatis.findAll    : <==        Row: 20, Youtube, imgautam@gmail.com
2019-02-19 02:30:03.011 TRACE 15356 --- [http-nio-8099-exec-7] c.i.m.gtm.mybatis.UserMybatis.findAll    : <==        Row: 21, Youtube, imgautam@gmail.com
2019-02-19 02:30:03.011 TRACE 15356 --- [http-nio-8099-exec-7] c.i.m.gtm.mybatis.UserMybatis.findAll    : <==        Row: 22, Youtube, imgautam@gmail.com
2019-02-19 02:30:03.012 DEBUG 15356 --- [http-nio-8099-exec-7] c.i.m.gtm.mybatis.UserMybatis.findAll    : <==      Total: 16
2019-02-19 02:37:08.386 DEBUG 15356 --- [http-nio-8099-exec-4] c.i.m.gtm.mybatis.UserMybatis.findAll    : ==>  Preparing: select * from user 
2019-02-19 02:37:08.387 DEBUG 15356 --- [http-nio-8099-exec-4] c.i.m.gtm.mybatis.UserMybatis.findAll    : ==> Parameters: 
2019-02-19 02:37:08.411 TRACE 15356 --- [http-nio-8099-exec-4] c.i.m.gtm.mybatis.UserMybatis.findAll    : <==    Columns: pk, username, email
2019-02-19 02:37:08.411 TRACE 15356 --- [http-nio-8099-exec-4] c.i.m.gtm.mybatis.UserMybatis.findAll    : <==        Row: 1, Youtube, imgautam@gmail.com
2019-02-19 02:37:08.412 TRACE 15356 --- [http-nio-8099-exec-4] c.i.m.gtm.mybatis.UserMybatis.findAll    : <==        Row: 2, Youtube, imgautam@gmail.com
2019-02-19 02:37:08.413 TRACE 15356 --- [http-nio-8099-exec-4] c.i.m.gtm.mybatis.UserMybatis.findAll    : <==        Row: 3, Youtube, imgautam@gmail.com
2019-02-19 02:37:08.413 TRACE 15356 --- [http-nio-8099-exec-4] c.i.m.gtm.mybatis.UserMybatis.findAll    : <==        Row: 4, Youtube, imgautam@gmail.com
2019-02-19 02:37:08.413 TRACE 15356 --- [http-nio-8099-exec-4] c.i.m.gtm.mybatis.UserMybatis.findAll    : <==        Row: 5, Youtube, imgautam@gmail.com
2019-02-19 02:37:08.414 TRACE 15356 --- [http-nio-8099-exec-4] c.i.m.gtm.mybatis.UserMybatis.findAll    : <==        Row: 6, Youtube, imgautam@gmail.com
2019-02-19 02:37:08.414 TRACE 15356 --- [http-nio-8099-exec-4] c.i.m.gtm.mybatis.UserMybatis.findAll    : <==        Row: 13, Youtube, imgautam@gmail.com
2019-02-19 02:37:08.415 TRACE 15356 --- [http-nio-8099-exec-4] c.i.m.gtm.mybatis.UserMybatis.findAll    : <==        Row: 14, Youtube, imgautam@gmail.com
2019-02-19 02:37:08.415 TRACE 15356 --- [http-nio-8099-exec-4] c.i.m.gtm.mybatis.UserMybatis.findAll    : <==        Row: 15, Youtube, imgautam@gmail.com
2019-02-19 02:37:08.415 TRACE 15356 --- [http-nio-8099-exec-4] c.i.m.gtm.mybatis.UserMybatis.findAll    : <==        Row: 16, Youtube, imgautam@gmail.com
2019-02-19 02:37:08.415 TRACE 15356 --- [http-nio-8099-exec-4] c.i.m.gtm.mybatis.UserMybatis.findAll    : <==        Row: 17, Youtube, imgautam@gmail.com
2019-02-19 02:37:08.416 TRACE 15356 --- [http-nio-8099-exec-4] c.i.m.gtm.mybatis.UserMybatis.findAll    : <==        Row: 18, Youtube, imgautam@gmail.com
2019-02-19 02:37:08.416 TRACE 15356 --- [http-nio-8099-exec-4] c.i.m.gtm.mybatis.UserMybatis.findAll    : <==        Row: 19, Youtube, imgautam@gmail.com
2019-02-19 02:37:08.416 TRACE 15356 --- [http-nio-8099-exec-4] c.i.m.gtm.mybatis.UserMybatis.findAll    : <==        Row: 20, Youtube, imgautam@gmail.com
2019-02-19 02:37:08.416 TRACE 15356 --- [http-nio-8099-exec-4] c.i.m.gtm.mybatis.UserMybatis.findAll    : <==        Row: 21, Youtube, imgautam@gmail.com
2019-02-19 02:37:08.417 TRACE 15356 --- [http-nio-8099-exec-4] c.i.m.gtm.mybatis.UserMybatis.findAll    : <==        Row: 22, Youtube, imgautam@gmail.com
2019-02-19 02:37:08.417 DEBUG 15356 --- [http-nio-8099-exec-4] c.i.m.gtm.mybatis.UserMybatis.findAll    : <==      Total: 16
2019-02-19 02:37:29.055 DEBUG 15356 --- [http-nio-8099-exec-7] c.i.m.gtm.mybatis.UserMybatis.findAll    : ==>  Preparing: select * from user 
2019-02-19 02:37:29.055 DEBUG 15356 --- [http-nio-8099-exec-7] c.i.m.gtm.mybatis.UserMybatis.findAll    : ==> Parameters: 
2019-02-19 02:37:29.058 TRACE 15356 --- [http-nio-8099-exec-7] c.i.m.gtm.mybatis.UserMybatis.findAll    : <==    Columns: pk, username, email
2019-02-19 02:37:29.058 TRACE 15356 --- [http-nio-8099-exec-7] c.i.m.gtm.mybatis.UserMybatis.findAll    : <==        Row: 1, Youtube, imgautam@gmail.com
2019-02-19 02:37:29.059 TRACE 15356 --- [http-nio-8099-exec-7] c.i.m.gtm.mybatis.UserMybatis.findAll    : <==        Row: 2, Youtube, imgautam@gmail.com
2019-02-19 02:37:29.062 TRACE 15356 --- [http-nio-8099-exec-7] c.i.m.gtm.mybatis.UserMybatis.findAll    : <==        Row: 3, Youtube, imgautam@gmail.com
2019-02-19 02:37:29.063 TRACE 15356 --- [http-nio-8099-exec-7] c.i.m.gtm.mybatis.UserMybatis.findAll    : <==        Row: 4, Youtube, imgautam@gmail.com
2019-02-19 02:37:29.063 TRACE 15356 --- [http-nio-8099-exec-7] c.i.m.gtm.mybatis.UserMybatis.findAll    : <==        Row: 5, Youtube, imgautam@gmail.com
2019-02-19 02:37:29.063 TRACE 15356 --- [http-nio-8099-exec-7] c.i.m.gtm.mybatis.UserMybatis.findAll    : <==        Row: 6, Youtube, imgautam@gmail.com
2019-02-19 02:37:29.063 TRACE 15356 --- [http-nio-8099-exec-7] c.i.m.gtm.mybatis.UserMybatis.findAll    : <==        Row: 13, Youtube, imgautam@gmail.com
2019-02-19 02:37:29.064 TRACE 15356 --- [http-nio-8099-exec-7] c.i.m.gtm.mybatis.UserMybatis.findAll    : <==        Row: 14, Youtube, imgautam@gmail.com
2019-02-19 02:37:29.064 TRACE 15356 --- [http-nio-8099-exec-7] c.i.m.gtm.mybatis.UserMybatis.findAll    : <==        Row: 15, Youtube, imgautam@gmail.com
2019-02-19 02:37:29.064 TRACE 15356 --- [http-nio-8099-exec-7] c.i.m.gtm.mybatis.UserMybatis.findAll    : <==        Row: 16, Youtube, imgautam@gmail.com
2019-02-19 02:37:29.065 TRACE 15356 --- [http-nio-8099-exec-7] c.i.m.gtm.mybatis.UserMybatis.findAll    : <==        Row: 17, Youtube, imgautam@gmail.com
2019-02-19 02:37:29.065 TRACE 15356 --- [http-nio-8099-exec-7] c.i.m.gtm.mybatis.UserMybatis.findAll    : <==        Row: 18, Youtube, imgautam@gmail.com
2019-02-19 02:37:29.065 TRACE 15356 --- [http-nio-8099-exec-7] c.i.m.gtm.mybatis.UserMybatis.findAll    : <==        Row: 19, Youtube, imgautam@gmail.com
2019-02-19 02:37:29.066 TRACE 15356 --- [http-nio-8099-exec-7] c.i.m.gtm.mybatis.UserMybatis.findAll    : <==        Row: 20, Youtube, imgautam@gmail.com
2019-02-19 02:37:29.066 TRACE 15356 --- [http-nio-8099-exec-7] c.i.m.gtm.mybatis.UserMybatis.findAll    : <==        Row: 21, Youtube, imgautam@gmail.com
2019-02-19 02:37:29.066 TRACE 15356 --- [http-nio-8099-exec-7] c.i.m.gtm.mybatis.UserMybatis.findAll    : <==        Row: 22, Youtube, imgautam@gmail.com
2019-02-19 02:37:29.066 DEBUG 15356 --- [http-nio-8099-exec-7] c.i.m.gtm.mybatis.UserMybatis.findAll    : <==      Total: 16
2019-02-19 02:38:35.413 DEBUG 15356 --- [http-nio-8099-exec-2] c.i.m.gtm.mybatis.UserMybatis.findAll    : ==>  Preparing: select * from user 
2019-02-19 02:38:35.414 DEBUG 15356 --- [http-nio-8099-exec-2] c.i.m.gtm.mybatis.UserMybatis.findAll    : ==> Parameters: 
2019-02-19 02:38:35.415 TRACE 15356 --- [http-nio-8099-exec-2] c.i.m.gtm.mybatis.UserMybatis.findAll    : <==    Columns: pk, username, email
2019-02-19 02:38:35.416 TRACE 15356 --- [http-nio-8099-exec-2] c.i.m.gtm.mybatis.UserMybatis.findAll    : <==        Row: 1, Youtube, imgautam@gmail.com
2019-02-19 02:38:35.416 TRACE 15356 --- [http-nio-8099-exec-2] c.i.m.gtm.mybatis.UserMybatis.findAll    : <==        Row: 2, Youtube, imgautam@gmail.com
2019-02-19 02:38:35.416 TRACE 15356 --- [http-nio-8099-exec-2] c.i.m.gtm.mybatis.UserMybatis.findAll    : <==        Row: 3, Youtube, imgautam@gmail.com
2019-02-19 02:38:35.417 TRACE 15356 --- [http-nio-8099-exec-2] c.i.m.gtm.mybatis.UserMybatis.findAll    : <==        Row: 4, Youtube, imgautam@gmail.com
2019-02-19 02:38:35.417 TRACE 15356 --- [http-nio-8099-exec-2] c.i.m.gtm.mybatis.UserMybatis.findAll    : <==        Row: 5, Youtube, imgautam@gmail.com
2019-02-19 02:38:35.417 TRACE 15356 --- [http-nio-8099-exec-2] c.i.m.gtm.mybatis.UserMybatis.findAll    : <==        Row: 6, Youtube, imgautam@gmail.com
2019-02-19 02:38:35.417 TRACE 15356 --- [http-nio-8099-exec-2] c.i.m.gtm.mybatis.UserMybatis.findAll    : <==        Row: 13, Youtube, imgautam@gmail.com
2019-02-19 02:38:35.417 TRACE 15356 --- [http-nio-8099-exec-2] c.i.m.gtm.mybatis.UserMybatis.findAll    : <==        Row: 14, Youtube, imgautam@gmail.com
2019-02-19 02:38:35.418 TRACE 15356 --- [http-nio-8099-exec-2] c.i.m.gtm.mybatis.UserMybatis.findAll    : <==        Row: 15, Youtube, imgautam@gmail.com
2019-02-19 02:38:35.418 TRACE 15356 --- [http-nio-8099-exec-2] c.i.m.gtm.mybatis.UserMybatis.findAll    : <==        Row: 16, Youtube, imgautam@gmail.com
2019-02-19 02:38:35.418 TRACE 15356 --- [http-nio-8099-exec-2] c.i.m.gtm.mybatis.UserMybatis.findAll    : <==        Row: 17, Youtube, imgautam@gmail.com
2019-02-19 02:38:35.418 TRACE 15356 --- [http-nio-8099-exec-2] c.i.m.gtm.mybatis.UserMybatis.findAll    : <==        Row: 18, Youtube, imgautam@gmail.com
2019-02-19 02:38:35.418 TRACE 15356 --- [http-nio-8099-exec-2] c.i.m.gtm.mybatis.UserMybatis.findAll    : <==        Row: 19, Youtube, imgautam@gmail.com
2019-02-19 02:38:35.419 TRACE 15356 --- [http-nio-8099-exec-2] c.i.m.gtm.mybatis.UserMybatis.findAll    : <==        Row: 20, Youtube, imgautam@gmail.com
2019-02-19 02:38:35.421 TRACE 15356 --- [http-nio-8099-exec-2] c.i.m.gtm.mybatis.UserMybatis.findAll    : <==        Row: 21, Youtube, imgautam@gmail.com
2019-02-19 02:38:35.421 TRACE 15356 --- [http-nio-8099-exec-2] c.i.m.gtm.mybatis.UserMybatis.findAll    : <==        Row: 22, Youtube, imgautam@gmail.com
2019-02-19 02:38:35.421 DEBUG 15356 --- [http-nio-8099-exec-2] c.i.m.gtm.mybatis.UserMybatis.findAll    : <==      Total: 16
2019-02-19 02:39:57.192  INFO 26156 --- [main] c.i.m.MybatisdemoApplicationTests        : Starting MybatisdemoApplicationTests on DESKTOP-SPHA1BC with PID 26156 (started by GTM in C:\Users\GTM\Documents\NetBeansProjects\SpringBootMyBatisDemo)
2019-02-19 02:39:57.196  INFO 26156 --- [main] c.i.m.MybatisdemoApplicationTests        : No active profile set, falling back to default profiles: default
2019-02-19 02:40:05.111  INFO 26156 --- [main] trationDelegate$BeanPostProcessorChecker : Bean 'org.springframework.hateoas.config.HateoasConfiguration' of type [org.springframework.hateoas.config.HateoasConfiguration$$EnhancerBySpringCGLIB$$c06aca83] is not eligible for getting processed by all BeanPostProcessors (for example: not eligible for auto-proxying)
2019-02-19 02:40:05.162  INFO 26156 --- [main] trationDelegate$BeanPostProcessorChecker : Bean 'org.springframework.transaction.annotation.ProxyTransactionManagementConfiguration' of type [org.springframework.transaction.annotation.ProxyTransactionManagementConfiguration$$EnhancerBySpringCGLIB$$40ea7d51] is not eligible for getting processed by all BeanPostProcessors (for example: not eligible for auto-proxying)
2019-02-19 02:40:13.393  INFO 26156 --- [main] o.s.s.concurrent.ThreadPoolTaskExecutor  : Initializing ExecutorService 'applicationTaskExecutor'
2019-02-19 02:40:16.444  INFO 26156 --- [main] c.i.m.MybatisdemoApplicationTests        : Started MybatisdemoApplicationTests in 20.654 seconds (JVM running for 23.951)
2019-02-19 02:40:17.925  INFO 26156 --- [Thread-2] o.s.s.concurrent.ThreadPoolTaskExecutor  : Shutting down ExecutorService 'applicationTaskExecutor'
2019-02-19 02:40:56.391  INFO 16948 --- [main] c.i.m.MybatisdemoApplicationTests        : Starting MybatisdemoApplicationTests on DESKTOP-SPHA1BC with PID 16948 (started by GTM in C:\Users\GTM\Documents\NetBeansProjects\SpringBootMyBatisDemo)
2019-02-19 02:40:56.394  INFO 16948 --- [main] c.i.m.MybatisdemoApplicationTests        : No active profile set, falling back to default profiles: default
2019-02-19 02:41:00.842  INFO 16948 --- [main] trationDelegate$BeanPostProcessorChecker : Bean 'org.springframework.hateoas.config.HateoasConfiguration' of type [org.springframework.hateoas.config.HateoasConfiguration$$EnhancerBySpringCGLIB$$c310bbc9] is not eligible for getting processed by all BeanPostProcessors (for example: not eligible for auto-proxying)
2019-02-19 02:41:00.865  INFO 16948 --- [main] trationDelegate$BeanPostProcessorChecker : Bean 'org.springframework.transaction.annotation.ProxyTransactionManagementConfiguration' of type [org.springframework.transaction.annotation.ProxyTransactionManagementConfiguration$$EnhancerBySpringCGLIB$$43906e97] is not eligible for getting processed by all BeanPostProcessors (for example: not eligible for auto-proxying)
2019-02-19 02:41:05.389  INFO 16948 --- [main] o.s.s.concurrent.ThreadPoolTaskExecutor  : Initializing ExecutorService 'applicationTaskExecutor'
2019-02-19 02:41:07.121  INFO 16948 --- [main] c.i.m.MybatisdemoApplicationTests        : Started MybatisdemoApplicationTests in 12.085 seconds (JVM running for 13.935)
2019-02-19 02:41:08.466  INFO 16948 --- [Thread-2] o.s.s.concurrent.ThreadPoolTaskExecutor  : Shutting down ExecutorService 'applicationTaskExecutor'
2019-02-19 02:41:34.398  INFO 14300 --- [restartedMain] c.i.mybatisdemo.MybatisdemoApplication   : Starting MybatisdemoApplication on DESKTOP-SPHA1BC with PID 14300 (C:\Users\GTM\Documents\NetBeansProjects\SpringBootMyBatisDemo\target\classes started by GTM in C:\Users\GTM\Documents\NetBeansProjects\SpringBootMyBatisDemo)
2019-02-19 02:41:34.403  INFO 14300 --- [restartedMain] c.i.mybatisdemo.MybatisdemoApplication   : No active profile set, falling back to default profiles: default
2019-02-19 02:41:34.900  INFO 14300 --- [restartedMain] .e.DevToolsPropertyDefaultsPostProcessor : Devtools property defaults active! Set 'spring.devtools.add-properties' to 'false' to disable
2019-02-19 02:41:34.900  INFO 14300 --- [restartedMain] .e.DevToolsPropertyDefaultsPostProcessor : For additional web related logging consider setting the 'logging.level.web' property to 'DEBUG'
2019-02-19 02:41:37.223  INFO 14300 --- [restartedMain] trationDelegate$BeanPostProcessorChecker : Bean 'org.springframework.hateoas.config.HateoasConfiguration' of type [org.springframework.hateoas.config.HateoasConfiguration$$EnhancerBySpringCGLIB$$fc040654] is not eligible for getting processed by all BeanPostProcessors (for example: not eligible for auto-proxying)
2019-02-19 02:41:37.242  INFO 14300 --- [restartedMain] trationDelegate$BeanPostProcessorChecker : Bean 'org.springframework.transaction.annotation.ProxyTransactionManagementConfiguration' of type [org.springframework.transaction.annotation.ProxyTransactionManagementConfiguration$$EnhancerBySpringCGLIB$$7c83b922] is not eligible for getting processed by all BeanPostProcessors (for example: not eligible for auto-proxying)
2019-02-19 02:41:39.079  INFO 14300 --- [restartedMain] o.s.b.w.embedded.tomcat.TomcatWebServer  : Tomcat initialized with port(s): 8099 (http)
2019-02-19 02:41:39.152  INFO 14300 --- [restartedMain] o.apache.catalina.core.StandardService   : Starting service [Tomcat]
2019-02-19 02:41:39.154  INFO 14300 --- [restartedMain] org.apache.catalina.core.StandardEngine  : Starting Servlet engine: [Apache Tomcat/9.0.16]
2019-02-19 02:41:39.170  INFO 14300 --- [restartedMain] o.a.catalina.core.AprLifecycleListener   : The APR based Apache Tomcat Native library which allows optimal performance in production environments was not found on the java.library.path: [C:\Program Files\Java\jdk-11\bin;C:\WINDOWS\Sun\Java\bin;C:\WINDOWS\system32;C:\WINDOWS;C:\Python27\;C:\Python27\Scripts;C:\ProgramData\Boxstarter;C:\Program Files (x86)\Common Files\Oracle\Java\javapath;C:\Windows\system32;C:\Windows;C:\Windows\System32\Wbem;C:\Windows\System32\WindowsPowerShell\v1.0\;C:\Windows\System32\OpenSSH\;C:\Program Files\Git\cmd;C:\Program Files\Apache Software Foundation\apache-maven-3.5.4\bin;C:\Program Files\gradle-4.10.2\bin;C:\Program Files\Java\jdk1.8.0_181\bin;C:\Program Files\nodejs\;C:\ProgramData\chocolatey\bin;C:\WINDOWS\system32;C:\WINDOWS;C:\WINDOWS\System32\Wbem;C:\WINDOWS\System32\WindowsPowerShell\v1.0\;C:\WINDOWS\System32\OpenSSH\;C:\Program Files (x86)\Yarn\bin\;C:\Users\GTM\AppData\Local\Microsoft\WindowsApps;C:\Users\GTM\AppData\Local\Programs\Microsoft VS Code\bin;C:\Users\GTM\AppData\Local\atom\bin;C:\Program Files\Docker Toolbox;C:\Users\GTM\AppData\Roaming\npm;C:\Users\GTM\AppData\Local\Microsoft\WindowsApps;C:\Users\GTM\AppData\Local\Yarn\bin;C:\Program Files\heroku\bin;.]
2019-02-19 02:41:39.369  INFO 14300 --- [restartedMain] o.a.c.c.C.[Tomcat].[localhost].[/]       : Initializing Spring embedded WebApplicationContext
2019-02-19 02:41:39.370  INFO 14300 --- [restartedMain] o.s.web.context.ContextLoader            : Root WebApplicationContext: initialization completed in 4469 ms
2019-02-19 02:41:41.422  INFO 14300 --- [restartedMain] o.s.s.concurrent.ThreadPoolTaskExecutor  : Initializing ExecutorService 'applicationTaskExecutor'
2019-02-19 02:41:42.428  INFO 14300 --- [restartedMain] o.s.b.d.a.OptionalLiveReloadServer       : LiveReload server is running on port 35729
2019-02-19 02:41:42.545  INFO 14300 --- [restartedMain] o.s.b.w.embedded.tomcat.TomcatWebServer  : Tomcat started on port(s): 8099 (http) with context path ''
2019-02-19 02:41:42.554  INFO 14300 --- [restartedMain] c.i.mybatisdemo.MybatisdemoApplication   : Started MybatisdemoApplication in 8.912 seconds (JVM running for 10.118)
2019-02-19 02:41:49.368  INFO 14300 --- [http-nio-8099-exec-1] o.a.c.c.C.[Tomcat].[localhost].[/]       : Initializing Spring DispatcherServlet 'dispatcherServlet'
2019-02-19 02:41:49.369  INFO 14300 --- [http-nio-8099-exec-1] o.s.web.servlet.DispatcherServlet        : Initializing Servlet 'dispatcherServlet'
2019-02-19 02:41:49.403  INFO 14300 --- [http-nio-8099-exec-1] o.s.web.servlet.DispatcherServlet        : Completed initialization in 34 ms
2019-02-19 02:41:49.470  INFO 14300 --- [http-nio-8099-exec-1] com.zaxxer.hikari.HikariDataSource       : HikariPool-1 - Starting...
2019-02-19 02:41:50.339  INFO 14300 --- [http-nio-8099-exec-1] com.zaxxer.hikari.HikariDataSource       : HikariPool-1 - Start completed.
2019-02-19 02:41:50.351 DEBUG 14300 --- [http-nio-8099-exec-1] c.i.m.gtm.mybatis.UserMybatis.findAll    : ==>  Preparing: select * from user 
2019-02-19 02:41:50.422 DEBUG 14300 --- [http-nio-8099-exec-1] c.i.m.gtm.mybatis.UserMybatis.findAll    : ==> Parameters: 
2019-02-19 02:41:50.461 TRACE 14300 --- [http-nio-8099-exec-1] c.i.m.gtm.mybatis.UserMybatis.findAll    : <==    Columns: pk, username, email
2019-02-19 02:41:50.465 TRACE 14300 --- [http-nio-8099-exec-1] c.i.m.gtm.mybatis.UserMybatis.findAll    : <==        Row: 1, Youtube, imgautam@gmail.com
2019-02-19 02:41:50.469 TRACE 14300 --- [http-nio-8099-exec-1] c.i.m.gtm.mybatis.UserMybatis.findAll    : <==        Row: 2, Youtube, imgautam@gmail.com
2019-02-19 02:41:50.470 TRACE 14300 --- [http-nio-8099-exec-1] c.i.m.gtm.mybatis.UserMybatis.findAll    : <==        Row: 3, Youtube, imgautam@gmail.com
2019-02-19 02:41:50.471 TRACE 14300 --- [http-nio-8099-exec-1] c.i.m.gtm.mybatis.UserMybatis.findAll    : <==        Row: 4, Youtube, imgautam@gmail.com
2019-02-19 02:41:50.472 TRACE 14300 --- [http-nio-8099-exec-1] c.i.m.gtm.mybatis.UserMybatis.findAll    : <==        Row: 5, Youtube, imgautam@gmail.com
2019-02-19 02:41:50.473 TRACE 14300 --- [http-nio-8099-exec-1] c.i.m.gtm.mybatis.UserMybatis.findAll    : <==        Row: 6, Youtube, imgautam@gmail.com
2019-02-19 02:41:50.474 TRACE 14300 --- [http-nio-8099-exec-1] c.i.m.gtm.mybatis.UserMybatis.findAll    : <==        Row: 13, Youtube, imgautam@gmail.com
2019-02-19 02:41:50.475 TRACE 14300 --- [http-nio-8099-exec-1] c.i.m.gtm.mybatis.UserMybatis.findAll    : <==        Row: 14, Youtube, imgautam@gmail.com
2019-02-19 02:41:50.485 TRACE 14300 --- [http-nio-8099-exec-1] c.i.m.gtm.mybatis.UserMybatis.findAll    : <==        Row: 15, Youtube, imgautam@gmail.com
2019-02-19 02:41:50.486 TRACE 14300 --- [http-nio-8099-exec-1] c.i.m.gtm.mybatis.UserMybatis.findAll    : <==        Row: 16, Youtube, imgautam@gmail.com
2019-02-19 02:41:50.486 TRACE 14300 --- [http-nio-8099-exec-1] c.i.m.gtm.mybatis.UserMybatis.findAll    : <==        Row: 17, Youtube, imgautam@gmail.com
2019-02-19 02:41:50.487 TRACE 14300 --- [http-nio-8099-exec-1] c.i.m.gtm.mybatis.UserMybatis.findAll    : <==        Row: 18, Youtube, imgautam@gmail.com
2019-02-19 02:41:50.487 TRACE 14300 --- [http-nio-8099-exec-1] c.i.m.gtm.mybatis.UserMybatis.findAll    : <==        Row: 19, Youtube, imgautam@gmail.com
2019-02-19 02:41:50.489 TRACE 14300 --- [http-nio-8099-exec-1] c.i.m.gtm.mybatis.UserMybatis.findAll    : <==        Row: 20, Youtube, imgautam@gmail.com
2019-02-19 02:41:50.489 TRACE 14300 --- [http-nio-8099-exec-1] c.i.m.gtm.mybatis.UserMybatis.findAll    : <==        Row: 21, Youtube, imgautam@gmail.com
2019-02-19 02:41:50.493 TRACE 14300 --- [http-nio-8099-exec-1] c.i.m.gtm.mybatis.UserMybatis.findAll    : <==        Row: 22, Youtube, imgautam@gmail.com
2019-02-19 02:41:50.498 DEBUG 14300 --- [http-nio-8099-exec-1] c.i.m.gtm.mybatis.UserMybatis.findAll    : <==      Total: 16
2019-02-19 02:41:51.004  WARN 14300 --- [http-nio-8099-exec-1] n.n.u.t.d.TitlePatternProcessor          : The $DECORATOR_TITLE token is deprecated and will be removed in the next major version of the layout dialect.  Please use the $LAYOUT_TITLE token instead to future-proof your code.  See https://github.com/ultraq/thymeleaf-layout-dialect/issues/95 for more information.
2019-02-19 02:45:05.951 DEBUG 14300 --- [http-nio-8099-exec-5] c.i.m.gtm.mybatis.UserMybatis.findAll    : ==>  Preparing: select * from user 
2019-02-19 02:45:05.952 DEBUG 14300 --- [http-nio-8099-exec-5] c.i.m.gtm.mybatis.UserMybatis.findAll    : ==> Parameters: 
2019-02-19 02:45:05.956 TRACE 14300 --- [http-nio-8099-exec-5] c.i.m.gtm.mybatis.UserMybatis.findAll    : <==    Columns: pk, username, email
2019-02-19 02:45:05.957 TRACE 14300 --- [http-nio-8099-exec-5] c.i.m.gtm.mybatis.UserMybatis.findAll    : <==        Row: 1, Youtube, imgautam@gmail.com
2019-02-19 02:45:05.959 TRACE 14300 --- [http-nio-8099-exec-5] c.i.m.gtm.mybatis.UserMybatis.findAll    : <==        Row: 2, Youtube, imgautam@gmail.com
2019-02-19 02:45:05.960 TRACE 14300 --- [http-nio-8099-exec-5] c.i.m.gtm.mybatis.UserMybatis.findAll    : <==        Row: 3, Youtube, imgautam@gmail.com
2019-02-19 02:45:05.963 TRACE 14300 --- [http-nio-8099-exec-5] c.i.m.gtm.mybatis.UserMybatis.findAll    : <==        Row: 4, Youtube, imgautam@gmail.com
2019-02-19 02:45:05.963 TRACE 14300 --- [http-nio-8099-exec-5] c.i.m.gtm.mybatis.UserMybatis.findAll    : <==        Row: 5, Youtube, imgautam@gmail.com
2019-02-19 02:45:05.964 TRACE 14300 --- [http-nio-8099-exec-5] c.i.m.gtm.mybatis.UserMybatis.findAll    : <==        Row: 6, Youtube, imgautam@gmail.com
2019-02-19 02:45:05.964 TRACE 14300 --- [http-nio-8099-exec-5] c.i.m.gtm.mybatis.UserMybatis.findAll    : <==        Row: 13, Youtube, imgautam@gmail.com
2019-02-19 02:45:05.965 TRACE 14300 --- [http-nio-8099-exec-5] c.i.m.gtm.mybatis.UserMybatis.findAll    : <==        Row: 14, Youtube, imgautam@gmail.com
2019-02-19 02:45:05.965 TRACE 14300 --- [http-nio-8099-exec-5] c.i.m.gtm.mybatis.UserMybatis.findAll    : <==        Row: 15, Youtube, imgautam@gmail.com
2019-02-19 02:45:05.965 TRACE 14300 --- [http-nio-8099-exec-5] c.i.m.gtm.mybatis.UserMybatis.findAll    : <==        Row: 16, Youtube, imgautam@gmail.com
2019-02-19 02:45:05.966 TRACE 14300 --- [http-nio-8099-exec-5] c.i.m.gtm.mybatis.UserMybatis.findAll    : <==        Row: 17, Youtube, imgautam@gmail.com
2019-02-19 02:45:05.966 TRACE 14300 --- [http-nio-8099-exec-5] c.i.m.gtm.mybatis.UserMybatis.findAll    : <==        Row: 18, Youtube, imgautam@gmail.com
2019-02-19 02:45:05.966 TRACE 14300 --- [http-nio-8099-exec-5] c.i.m.gtm.mybatis.UserMybatis.findAll    : <==        Row: 19, Youtube, imgautam@gmail.com
2019-02-19 02:45:05.966 TRACE 14300 --- [http-nio-8099-exec-5] c.i.m.gtm.mybatis.UserMybatis.findAll    : <==        Row: 20, Youtube, imgautam@gmail.com
2019-02-19 02:45:05.967 TRACE 14300 --- [http-nio-8099-exec-5] c.i.m.gtm.mybatis.UserMybatis.findAll    : <==        Row: 21, Youtube, imgautam@gmail.com
2019-02-19 02:45:05.967 TRACE 14300 --- [http-nio-8099-exec-5] c.i.m.gtm.mybatis.UserMybatis.findAll    : <==        Row: 22, Youtube, imgautam@gmail.com
2019-02-19 02:45:05.967 DEBUG 14300 --- [http-nio-8099-exec-5] c.i.m.gtm.mybatis.UserMybatis.findAll    : <==      Total: 16
2019-02-19 02:47:21.821 DEBUG 14300 --- [http-nio-8099-exec-1] c.i.m.gtm.mybatis.UserMybatis.findAll    : ==>  Preparing: select * from user 
2019-02-19 02:47:21.822 DEBUG 14300 --- [http-nio-8099-exec-1] c.i.m.gtm.mybatis.UserMybatis.findAll    : ==> Parameters: 
2019-02-19 02:47:21.828 TRACE 14300 --- [http-nio-8099-exec-1] c.i.m.gtm.mybatis.UserMybatis.findAll    : <==    Columns: pk, username, email
2019-02-19 02:47:21.829 TRACE 14300 --- [http-nio-8099-exec-1] c.i.m.gtm.mybatis.UserMybatis.findAll    : <==        Row: 1, Youtube, imgautam@gmail.com
2019-02-19 02:47:21.829 TRACE 14300 --- [http-nio-8099-exec-1] c.i.m.gtm.mybatis.UserMybatis.findAll    : <==        Row: 2, Youtube, imgautam@gmail.com
2019-02-19 02:47:21.830 TRACE 14300 --- [http-nio-8099-exec-1] c.i.m.gtm.mybatis.UserMybatis.findAll    : <==        Row: 3, Youtube, imgautam@gmail.com
2019-02-19 02:47:21.830 TRACE 14300 --- [http-nio-8099-exec-1] c.i.m.gtm.mybatis.UserMybatis.findAll    : <==        Row: 4, Youtube, imgautam@gmail.com
2019-02-19 02:47:21.830 TRACE 14300 --- [http-nio-8099-exec-1] c.i.m.gtm.mybatis.UserMybatis.findAll    : <==        Row: 5, Youtube, imgautam@gmail.com
2019-02-19 02:47:21.831 TRACE 14300 --- [http-nio-8099-exec-1] c.i.m.gtm.mybatis.UserMybatis.findAll    : <==        Row: 6, Youtube, imgautam@gmail.com
2019-02-19 02:47:21.831 TRACE 14300 --- [http-nio-8099-exec-1] c.i.m.gtm.mybatis.UserMybatis.findAll    : <==        Row: 13, Youtube, imgautam@gmail.com
2019-02-19 02:47:21.840 TRACE 14300 --- [http-nio-8099-exec-1] c.i.m.gtm.mybatis.UserMybatis.findAll    : <==        Row: 14, Youtube, imgautam@gmail.com
2019-02-19 02:47:21.842 TRACE 14300 --- [http-nio-8099-exec-1] c.i.m.gtm.mybatis.UserMybatis.findAll    : <==        Row: 15, Youtube, imgautam@gmail.com
2019-02-19 02:47:21.843 TRACE 14300 --- [http-nio-8099-exec-1] c.i.m.gtm.mybatis.UserMybatis.findAll    : <==        Row: 16, Youtube, imgautam@gmail.com
2019-02-19 02:47:21.843 TRACE 14300 --- [http-nio-8099-exec-1] c.i.m.gtm.mybatis.UserMybatis.findAll    : <==        Row: 17, Youtube, imgautam@gmail.com
2019-02-19 02:47:21.844 TRACE 14300 --- [http-nio-8099-exec-1] c.i.m.gtm.mybatis.UserMybatis.findAll    : <==        Row: 18, Youtube, imgautam@gmail.com
2019-02-19 02:47:21.845 TRACE 14300 --- [http-nio-8099-exec-1] c.i.m.gtm.mybatis.UserMybatis.findAll    : <==        Row: 19, Youtube, imgautam@gmail.com
2019-02-19 02:47:21.847 TRACE 14300 --- [http-nio-8099-exec-1] c.i.m.gtm.mybatis.UserMybatis.findAll    : <==        Row: 20, Youtube, imgautam@gmail.com
2019-02-19 02:47:21.849 TRACE 14300 --- [http-nio-8099-exec-1] c.i.m.gtm.mybatis.UserMybatis.findAll    : <==        Row: 21, Youtube, imgautam@gmail.com
2019-02-19 02:47:21.854 TRACE 14300 --- [http-nio-8099-exec-1] c.i.m.gtm.mybatis.UserMybatis.findAll    : <==        Row: 22, Youtube, imgautam@gmail.com
2019-02-19 02:47:21.854 DEBUG 14300 --- [http-nio-8099-exec-1] c.i.m.gtm.mybatis.UserMybatis.findAll    : <==      Total: 16
2019-02-19 02:49:07.637 DEBUG 14300 --- [http-nio-8099-exec-3] c.i.m.gtm.mybatis.UserMybatis.findAll    : ==>  Preparing: select * from user 
2019-02-19 02:49:07.638 DEBUG 14300 --- [http-nio-8099-exec-3] c.i.m.gtm.mybatis.UserMybatis.findAll    : ==> Parameters: 
2019-02-19 02:49:07.641 TRACE 14300 --- [http-nio-8099-exec-3] c.i.m.gtm.mybatis.UserMybatis.findAll    : <==    Columns: pk, username, email
2019-02-19 02:49:07.641 TRACE 14300 --- [http-nio-8099-exec-3] c.i.m.gtm.mybatis.UserMybatis.findAll    : <==        Row: 1, Youtube, imgautam@gmail.com
2019-02-19 02:49:07.643 TRACE 14300 --- [http-nio-8099-exec-3] c.i.m.gtm.mybatis.UserMybatis.findAll    : <==        Row: 2, Youtube, imgautam@gmail.com
2019-02-19 02:49:07.643 TRACE 14300 --- [http-nio-8099-exec-3] c.i.m.gtm.mybatis.UserMybatis.findAll    : <==        Row: 3, Youtube, imgautam@gmail.com
2019-02-19 02:49:07.645 TRACE 14300 --- [http-nio-8099-exec-3] c.i.m.gtm.mybatis.UserMybatis.findAll    : <==        Row: 4, Youtube, imgautam@gmail.com
2019-02-19 02:49:07.646 TRACE 14300 --- [http-nio-8099-exec-3] c.i.m.gtm.mybatis.UserMybatis.findAll    : <==        Row: 5, Youtube, imgautam@gmail.com
2019-02-19 02:49:07.646 TRACE 14300 --- [http-nio-8099-exec-3] c.i.m.gtm.mybatis.UserMybatis.findAll    : <==        Row: 6, Youtube, imgautam@gmail.com
2019-02-19 02:49:07.646 TRACE 14300 --- [http-nio-8099-exec-3] c.i.m.gtm.mybatis.UserMybatis.findAll    : <==        Row: 13, Youtube, imgautam@gmail.com
2019-02-19 02:49:07.647 TRACE 14300 --- [http-nio-8099-exec-3] c.i.m.gtm.mybatis.UserMybatis.findAll    : <==        Row: 14, Youtube, imgautam@gmail.com
2019-02-19 02:49:07.647 TRACE 14300 --- [http-nio-8099-exec-3] c.i.m.gtm.mybatis.UserMybatis.findAll    : <==        Row: 15, Youtube, imgautam@gmail.com
2019-02-19 02:49:07.647 TRACE 14300 --- [http-nio-8099-exec-3] c.i.m.gtm.mybatis.UserMybatis.findAll    : <==        Row: 16, Youtube, imgautam@gmail.com
2019-02-19 02:49:07.648 TRACE 14300 --- [http-nio-8099-exec-3] c.i.m.gtm.mybatis.UserMybatis.findAll    : <==        Row: 17, Youtube, imgautam@gmail.com
2019-02-19 02:49:07.656 TRACE 14300 --- [http-nio-8099-exec-3] c.i.m.gtm.mybatis.UserMybatis.findAll    : <==        Row: 18, Youtube, imgautam@gmail.com
2019-02-19 02:49:07.657 TRACE 14300 --- [http-nio-8099-exec-3] c.i.m.gtm.mybatis.UserMybatis.findAll    : <==        Row: 19, Youtube, imgautam@gmail.com
2019-02-19 02:49:07.657 TRACE 14300 --- [http-nio-8099-exec-3] c.i.m.gtm.mybatis.UserMybatis.findAll    : <==        Row: 20, Youtube, imgautam@gmail.com
2019-02-19 02:49:07.658 TRACE 14300 --- [http-nio-8099-exec-3] c.i.m.gtm.mybatis.UserMybatis.findAll    : <==        Row: 21, Youtube, imgautam@gmail.com
2019-02-19 02:49:07.660 TRACE 14300 --- [http-nio-8099-exec-3] c.i.m.gtm.mybatis.UserMybatis.findAll    : <==        Row: 22, Youtube, imgautam@gmail.com
2019-02-19 02:49:07.660 DEBUG 14300 --- [http-nio-8099-exec-3] c.i.m.gtm.mybatis.UserMybatis.findAll    : <==      Total: 16
2019-02-19 02:50:04.091 DEBUG 14300 --- [http-nio-8099-exec-9] c.i.m.gtm.mybatis.UserMybatis.findAll    : ==>  Preparing: select * from user 
2019-02-19 02:50:04.093 DEBUG 14300 --- [http-nio-8099-exec-9] c.i.m.gtm.mybatis.UserMybatis.findAll    : ==> Parameters: 
2019-02-19 02:50:04.098 TRACE 14300 --- [http-nio-8099-exec-9] c.i.m.gtm.mybatis.UserMybatis.findAll    : <==    Columns: pk, username, email
2019-02-19 02:50:04.099 TRACE 14300 --- [http-nio-8099-exec-9] c.i.m.gtm.mybatis.UserMybatis.findAll    : <==        Row: 1, Youtube, imgautam@gmail.com
2019-02-19 02:50:04.101 TRACE 14300 --- [http-nio-8099-exec-9] c.i.m.gtm.mybatis.UserMybatis.findAll    : <==        Row: 2, Youtube, imgautam@gmail.com
2019-02-19 02:50:04.102 TRACE 14300 --- [http-nio-8099-exec-9] c.i.m.gtm.mybatis.UserMybatis.findAll    : <==        Row: 3, Youtube, imgautam@gmail.com
2019-02-19 02:50:04.104 TRACE 14300 --- [http-nio-8099-exec-9] c.i.m.gtm.mybatis.UserMybatis.findAll    : <==        Row: 4, Youtube, imgautam@gmail.com
2019-02-19 02:50:04.105 TRACE 14300 --- [http-nio-8099-exec-9] c.i.m.gtm.mybatis.UserMybatis.findAll    : <==        Row: 5, Youtube, imgautam@gmail.com
2019-02-19 02:50:04.105 TRACE 14300 --- [http-nio-8099-exec-9] c.i.m.gtm.mybatis.UserMybatis.findAll    : <==        Row: 6, Youtube, imgautam@gmail.com
2019-02-19 02:50:04.105 TRACE 14300 --- [http-nio-8099-exec-9] c.i.m.gtm.mybatis.UserMybatis.findAll    : <==        Row: 13, Youtube, imgautam@gmail.com
2019-02-19 02:50:04.107 TRACE 14300 --- [http-nio-8099-exec-9] c.i.m.gtm.mybatis.UserMybatis.findAll    : <==        Row: 14, Youtube, imgautam@gmail.com
2019-02-19 02:50:04.107 TRACE 14300 --- [http-nio-8099-exec-9] c.i.m.gtm.mybatis.UserMybatis.findAll    : <==        Row: 15, Youtube, imgautam@gmail.com
2019-02-19 02:50:04.108 TRACE 14300 --- [http-nio-8099-exec-9] c.i.m.gtm.mybatis.UserMybatis.findAll    : <==        Row: 16, Youtube, imgautam@gmail.com
2019-02-19 02:50:04.109 TRACE 14300 --- [http-nio-8099-exec-9] c.i.m.gtm.mybatis.UserMybatis.findAll    : <==        Row: 17, Youtube, imgautam@gmail.com
2019-02-19 02:50:04.111 TRACE 14300 --- [http-nio-8099-exec-9] c.i.m.gtm.mybatis.UserMybatis.findAll    : <==        Row: 18, Youtube, imgautam@gmail.com
2019-02-19 02:50:04.111 TRACE 14300 --- [http-nio-8099-exec-9] c.i.m.gtm.mybatis.UserMybatis.findAll    : <==        Row: 19, Youtube, imgautam@gmail.com
2019-02-19 02:50:04.112 TRACE 14300 --- [http-nio-8099-exec-9] c.i.m.gtm.mybatis.UserMybatis.findAll    : <==        Row: 20, Youtube, imgautam@gmail.com
2019-02-19 02:50:04.112 TRACE 14300 --- [http-nio-8099-exec-9] c.i.m.gtm.mybatis.UserMybatis.findAll    : <==        Row: 21, Youtube, imgautam@gmail.com
2019-02-19 02:50:04.113 TRACE 14300 --- [http-nio-8099-exec-9] c.i.m.gtm.mybatis.UserMybatis.findAll    : <==        Row: 22, Youtube, imgautam@gmail.com
2019-02-19 02:50:04.113 DEBUG 14300 --- [http-nio-8099-exec-9] c.i.m.gtm.mybatis.UserMybatis.findAll    : <==      Total: 16
2019-02-19 02:52:24.012 DEBUG 14300 --- [http-nio-8099-exec-2] c.i.m.gtm.mybatis.UserMybatis.findAll    : ==>  Preparing: select * from user 
2019-02-19 02:52:24.013 DEBUG 14300 --- [http-nio-8099-exec-2] c.i.m.gtm.mybatis.UserMybatis.findAll    : ==> Parameters: 
2019-02-19 02:52:24.015 TRACE 14300 --- [http-nio-8099-exec-2] c.i.m.gtm.mybatis.UserMybatis.findAll    : <==    Columns: pk, username, email
2019-02-19 02:52:24.016 TRACE 14300 --- [http-nio-8099-exec-2] c.i.m.gtm.mybatis.UserMybatis.findAll    : <==        Row: 1, Youtube, imgautam@gmail.com
2019-02-19 02:52:24.017 TRACE 14300 --- [http-nio-8099-exec-2] c.i.m.gtm.mybatis.UserMybatis.findAll    : <==        Row: 2, Youtube, imgautam@gmail.com
2019-02-19 02:52:24.017 TRACE 14300 --- [http-nio-8099-exec-2] c.i.m.gtm.mybatis.UserMybatis.findAll    : <==        Row: 3, Youtube, imgautam@gmail.com
2019-02-19 02:52:24.020 TRACE 14300 --- [http-nio-8099-exec-2] c.i.m.gtm.mybatis.UserMybatis.findAll    : <==        Row: 4, Youtube, imgautam@gmail.com
2019-02-19 02:52:24.021 TRACE 14300 --- [http-nio-8099-exec-2] c.i.m.gtm.mybatis.UserMybatis.findAll    : <==        Row: 5, Youtube, imgautam@gmail.com
2019-02-19 02:52:24.021 TRACE 14300 --- [http-nio-8099-exec-2] c.i.m.gtm.mybatis.UserMybatis.findAll    : <==        Row: 6, Youtube, imgautam@gmail.com
2019-02-19 02:52:24.021 TRACE 14300 --- [http-nio-8099-exec-2] c.i.m.gtm.mybatis.UserMybatis.findAll    : <==        Row: 13, Youtube, imgautam@gmail.com
2019-02-19 02:52:24.021 TRACE 14300 --- [http-nio-8099-exec-2] c.i.m.gtm.mybatis.UserMybatis.findAll    : <==        Row: 14, Youtube, imgautam@gmail.com
2019-02-19 02:52:24.022 TRACE 14300 --- [http-nio-8099-exec-2] c.i.m.gtm.mybatis.UserMybatis.findAll    : <==        Row: 15, Youtube, imgautam@gmail.com
2019-02-19 02:52:24.022 TRACE 14300 --- [http-nio-8099-exec-2] c.i.m.gtm.mybatis.UserMybatis.findAll    : <==        Row: 16, Youtube, imgautam@gmail.com
2019-02-19 02:52:24.022 TRACE 14300 --- [http-nio-8099-exec-2] c.i.m.gtm.mybatis.UserMybatis.findAll    : <==        Row: 17, Youtube, imgautam@gmail.com
2019-02-19 02:52:24.022 TRACE 14300 --- [http-nio-8099-exec-2] c.i.m.gtm.mybatis.UserMybatis.findAll    : <==        Row: 18, Youtube, imgautam@gmail.com
2019-02-19 02:52:24.023 TRACE 14300 --- [http-nio-8099-exec-2] c.i.m.gtm.mybatis.UserMybatis.findAll    : <==        Row: 19, Youtube, imgautam@gmail.com
2019-02-19 02:52:24.023 TRACE 14300 --- [http-nio-8099-exec-2] c.i.m.gtm.mybatis.UserMybatis.findAll    : <==        Row: 20, Youtube, imgautam@gmail.com
2019-02-19 02:52:24.023 TRACE 14300 --- [http-nio-8099-exec-2] c.i.m.gtm.mybatis.UserMybatis.findAll    : <==        Row: 21, Youtube, imgautam@gmail.com
2019-02-19 02:52:24.023 TRACE 14300 --- [http-nio-8099-exec-2] c.i.m.gtm.mybatis.UserMybatis.findAll    : <==        Row: 22, Youtube, imgautam@gmail.com
2019-02-19 02:52:24.024 DEBUG 14300 --- [http-nio-8099-exec-2] c.i.m.gtm.mybatis.UserMybatis.findAll    : <==      Total: 16
2019-02-19 02:53:03.097 DEBUG 14300 --- [http-nio-8099-exec-2] c.i.m.gtm.mybatis.UserMybatis.findAll    : ==>  Preparing: select * from user 
2019-02-19 02:53:03.097 DEBUG 14300 --- [http-nio-8099-exec-2] c.i.m.gtm.mybatis.UserMybatis.findAll    : ==> Parameters: 
2019-02-19 02:53:03.103 TRACE 14300 --- [http-nio-8099-exec-2] c.i.m.gtm.mybatis.UserMybatis.findAll    : <==    Columns: pk, username, email
2019-02-19 02:53:03.103 TRACE 14300 --- [http-nio-8099-exec-2] c.i.m.gtm.mybatis.UserMybatis.findAll    : <==        Row: 1, Youtube, imgautam@gmail.com
2019-02-19 02:53:03.104 TRACE 14300 --- [http-nio-8099-exec-2] c.i.m.gtm.mybatis.UserMybatis.findAll    : <==        Row: 2, Youtube, imgautam@gmail.com
2019-02-19 02:53:03.104 TRACE 14300 --- [http-nio-8099-exec-2] c.i.m.gtm.mybatis.UserMybatis.findAll    : <==        Row: 3, Youtube, imgautam@gmail.com
2019-02-19 02:53:03.104 TRACE 14300 --- [http-nio-8099-exec-2] c.i.m.gtm.mybatis.UserMybatis.findAll    : <==        Row: 4, Youtube, imgautam@gmail.com
2019-02-19 02:53:03.105 TRACE 14300 --- [http-nio-8099-exec-2] c.i.m.gtm.mybatis.UserMybatis.findAll    : <==        Row: 5, Youtube, imgautam@gmail.com
2019-02-19 02:53:03.105 TRACE 14300 --- [http-nio-8099-exec-2] c.i.m.gtm.mybatis.UserMybatis.findAll    : <==        Row: 6, Youtube, imgautam@gmail.com
2019-02-19 02:53:03.106 TRACE 14300 --- [http-nio-8099-exec-2] c.i.m.gtm.mybatis.UserMybatis.findAll    : <==        Row: 13, Youtube, imgautam@gmail.com
2019-02-19 02:53:03.107 TRACE 14300 --- [http-nio-8099-exec-2] c.i.m.gtm.mybatis.UserMybatis.findAll    : <==        Row: 14, Youtube, imgautam@gmail.com
2019-02-19 02:53:03.107 TRACE 14300 --- [http-nio-8099-exec-2] c.i.m.gtm.mybatis.UserMybatis.findAll    : <==        Row: 15, Youtube, imgautam@gmail.com
2019-02-19 02:53:03.107 TRACE 14300 --- [http-nio-8099-exec-2] c.i.m.gtm.mybatis.UserMybatis.findAll    : <==        Row: 16, Youtube, imgautam@gmail.com
2019-02-19 02:53:03.107 TRACE 14300 --- [http-nio-8099-exec-2] c.i.m.gtm.mybatis.UserMybatis.findAll    : <==        Row: 17, Youtube, imgautam@gmail.com
2019-02-19 02:53:03.107 TRACE 14300 --- [http-nio-8099-exec-2] c.i.m.gtm.mybatis.UserMybatis.findAll    : <==        Row: 18, Youtube, imgautam@gmail.com
2019-02-19 02:53:03.108 TRACE 14300 --- [http-nio-8099-exec-2] c.i.m.gtm.mybatis.UserMybatis.findAll    : <==        Row: 19, Youtube, imgautam@gmail.com
2019-02-19 02:53:03.108 TRACE 14300 --- [http-nio-8099-exec-2] c.i.m.gtm.mybatis.UserMybatis.findAll    : <==        Row: 20, Youtube, imgautam@gmail.com
2019-02-19 02:53:03.108 TRACE 14300 --- [http-nio-8099-exec-2] c.i.m.gtm.mybatis.UserMybatis.findAll    : <==        Row: 21, Youtube, imgautam@gmail.com
2019-02-19 02:53:03.111 TRACE 14300 --- [http-nio-8099-exec-2] c.i.m.gtm.mybatis.UserMybatis.findAll    : <==        Row: 22, Youtube, imgautam@gmail.com
2019-02-19 02:53:03.112 DEBUG 14300 --- [http-nio-8099-exec-2] c.i.m.gtm.mybatis.UserMybatis.findAll    : <==      Total: 16
2019-02-19 02:53:05.694 DEBUG 14300 --- [http-nio-8099-exec-6] c.i.m.gtm.mybatis.UserMybatis.findAll    : ==>  Preparing: select * from user 
2019-02-19 02:53:05.695 DEBUG 14300 --- [http-nio-8099-exec-6] c.i.m.gtm.mybatis.UserMybatis.findAll    : ==> Parameters: 
2019-02-19 02:53:05.697 TRACE 14300 --- [http-nio-8099-exec-6] c.i.m.gtm.mybatis.UserMybatis.findAll    : <==    Columns: pk, username, email
2019-02-19 02:53:05.697 TRACE 14300 --- [http-nio-8099-exec-6] c.i.m.gtm.mybatis.UserMybatis.findAll    : <==        Row: 1, Youtube, imgautam@gmail.com
2019-02-19 02:53:05.698 TRACE 14300 --- [http-nio-8099-exec-6] c.i.m.gtm.mybatis.UserMybatis.findAll    : <==        Row: 2, Youtube, imgautam@gmail.com
2019-02-19 02:53:05.698 TRACE 14300 --- [http-nio-8099-exec-6] c.i.m.gtm.mybatis.UserMybatis.findAll    : <==        Row: 3, Youtube, imgautam@gmail.com
2019-02-19 02:53:05.704 TRACE 14300 --- [http-nio-8099-exec-6] c.i.m.gtm.mybatis.UserMybatis.findAll    : <==        Row: 4, Youtube, imgautam@gmail.com
2019-02-19 02:53:05.704 TRACE 14300 --- [http-nio-8099-exec-6] c.i.m.gtm.mybatis.UserMybatis.findAll    : <==        Row: 5, Youtube, imgautam@gmail.com
2019-02-19 02:53:05.705 TRACE 14300 --- [http-nio-8099-exec-6] c.i.m.gtm.mybatis.UserMybatis.findAll    : <==        Row: 6, Youtube, imgautam@gmail.com
2019-02-19 02:53:05.705 TRACE 14300 --- [http-nio-8099-exec-6] c.i.m.gtm.mybatis.UserMybatis.findAll    : <==        Row: 13, Youtube, imgautam@gmail.com
2019-02-19 02:53:05.705 TRACE 14300 --- [http-nio-8099-exec-6] c.i.m.gtm.mybatis.UserMybatis.findAll    : <==        Row: 14, Youtube, imgautam@gmail.com
2019-02-19 02:53:05.705 TRACE 14300 --- [http-nio-8099-exec-6] c.i.m.gtm.mybatis.UserMybatis.findAll    : <==        Row: 15, Youtube, imgautam@gmail.com
2019-02-19 02:53:05.706 TRACE 14300 --- [http-nio-8099-exec-6] c.i.m.gtm.mybatis.UserMybatis.findAll    : <==        Row: 16, Youtube, imgautam@gmail.com
2019-02-19 02:53:05.706 TRACE 14300 --- [http-nio-8099-exec-6] c.i.m.gtm.mybatis.UserMybatis.findAll    : <==        Row: 17, Youtube, imgautam@gmail.com
2019-02-19 02:53:05.707 TRACE 14300 --- [http-nio-8099-exec-6] c.i.m.gtm.mybatis.UserMybatis.findAll    : <==        Row: 18, Youtube, imgautam@gmail.com
2019-02-19 02:53:05.707 TRACE 14300 --- [http-nio-8099-exec-6] c.i.m.gtm.mybatis.UserMybatis.findAll    : <==        Row: 19, Youtube, imgautam@gmail.com
2019-02-19 02:53:05.707 TRACE 14300 --- [http-nio-8099-exec-6] c.i.m.gtm.mybatis.UserMybatis.findAll    : <==        Row: 20, Youtube, imgautam@gmail.com
2019-02-19 02:53:05.708 TRACE 14300 --- [http-nio-8099-exec-6] c.i.m.gtm.mybatis.UserMybatis.findAll    : <==        Row: 21, Youtube, imgautam@gmail.com
2019-02-19 02:53:05.708 TRACE 14300 --- [http-nio-8099-exec-6] c.i.m.gtm.mybatis.UserMybatis.findAll    : <==        Row: 22, Youtube, imgautam@gmail.com
2019-02-19 02:53:05.708 DEBUG 14300 --- [http-nio-8099-exec-6] c.i.m.gtm.mybatis.UserMybatis.findAll    : <==      Total: 16
